<?xml version="1.0" encoding="UTF-8"?>
<!-- Generated by org.testng.reporters.JUnitXMLReporter -->
<testsuite hostname="ICPL12742" name="ChromeTest" tests="3" failures="0" timestamp="8 Jan 2018 05:31:11 GMT" time="32.173" errors="0">
  <testcase name="launchSite" time="17.234" classname="icpl.AutomationTestAssignment.FirstAssignment.FlightBookingWithTestNG"/>
  <testcase name="searchFlight" time="14.841" classname="icpl.AutomationTestAssignment.FirstAssignment.FlightBookingWithTestNG"/>
  <testcase name="validateResult" time="0.073" classname="icpl.AutomationTestAssignment.FirstAssignment.FlightBookingWithTestNG"/>
</testsuite> <!-- ChromeTest -->
