<?xml version="1.0" encoding="UTF-8"?>
<!-- Generated by org.testng.reporters.JUnitXMLReporter -->
<testsuite hostname="ICPL12742" name="FireFoxTest" tests="3" failures="0" timestamp="8 Jan 2018 05:31:20 GMT" time="41.344" errors="0">
  <testcase name="launchSite" time="25.137" classname="icpl.AutomationTestAssignment.FirstAssignment.FlightBookingWithTestNG"/>
  <testcase name="searchFlight" time="16.161" classname="icpl.AutomationTestAssignment.FirstAssignment.FlightBookingWithTestNG"/>
  <testcase name="validateResult" time="0.015" classname="icpl.AutomationTestAssignment.FirstAssignment.FlightBookingWithTestNG"/>
</testsuite> <!-- FireFoxTest -->
