<?xml version="1.0" encoding="UTF-8"?>
<!-- Generated by org.testng.reporters.JUnitXMLReporter -->
<testsuite hostname="ICPL12742" name="Test" tests="3" failures="1" timestamp="20 Dec 2017 08:52:56 GMT" time="11.153" errors="0">
  <testcase name="launchSite" time="11.12" classname="icpl.AutomationTestAssignment.FirstAssignment.FlightBookingWithTestNG">
    <failure type="org.openqa.selenium.WebDriverException" message="Failed to decode response from marionette
Build info: version: &amp;apos;3.5.3&amp;apos;, revision: &amp;apos;a88d25fe6b&amp;apos;, time: &amp;apos;2017-08-29T12:42:44.417Z&amp;apos;
System info: host: &amp;apos;ICPL12742&amp;apos;, ip: &amp;apos;10.11.28.21&amp;apos;, os.name: &amp;apos;Windows 10&amp;apos;, os.arch: &amp;apos;amd64&amp;apos;, os.version: &amp;apos;10.0&amp;apos;, java.version: &amp;apos;1.8.0_152&amp;apos;
Driver info: org.openqa.selenium.firefox.FirefoxDriver
Capabilities [{moz:profile=C:\Users\priyanka.bhosale\AppData\Local\Temp\rust_mozprofile.y1I9tZZpwqrK, rotatable=false, timeouts={implicit=0, pageLoad=300000, script=30000}, pageLoadStrategy=normal, moz:headless=false, platform=XP, specificationLevel=0, moz:accessibilityChecks=false, acceptInsecureCerts=false, browserVersion=56.0, platformVersion=10.0, moz:processID=13524, browserName=firefox, javascriptEnabled=true, platformName=XP}]
Session ID: 86b9e356-87d7-4e52-9d57-1056c961ad3a">
      <![CDATA[org.openqa.selenium.WebDriverException: Failed to decode response from marionette
Build info: version: '3.5.3', revision: 'a88d25fe6b', time: '2017-08-29T12:42:44.417Z'
System info: host: 'ICPL12742', ip: '10.11.28.21', os.name: 'Windows 10', os.arch: 'amd64', os.version: '10.0', java.version: '1.8.0_152'
Driver info: org.openqa.selenium.firefox.FirefoxDriver
Capabilities [{moz:profile=C:\Users\priyanka.bhosale\AppData\Local\Temp\rust_mozprofile.y1I9tZZpwqrK, rotatable=false, timeouts={implicit=0, pageLoad=300000, script=30000}, pageLoadStrategy=normal, moz:headless=false, platform=XP, specificationLevel=0, moz:accessibilityChecks=false, acceptInsecureCerts=false, browserVersion=56.0, platformVersion=10.0, moz:processID=13524, browserName=firefox, javascriptEnabled=true, platformName=XP}]
Session ID: 86b9e356-87d7-4e52-9d57-1056c961ad3a
	at org.openqa.selenium.remote.http.W3CHttpResponseCodec.createException(W3CHttpResponseCodec.java:185)
	at org.openqa.selenium.remote.http.W3CHttpResponseCodec.decode(W3CHttpResponseCodec.java:120)
	at org.openqa.selenium.remote.http.W3CHttpResponseCodec.decode(W3CHttpResponseCodec.java:49)
	at org.openqa.selenium.remote.HttpCommandExecutor.execute(HttpCommandExecutor.java:164)
	at org.openqa.selenium.remote.service.DriverCommandExecutor.execute(DriverCommandExecutor.java:82)
	at org.openqa.selenium.remote.RemoteWebDriver.execute(RemoteWebDriver.java:646)
	at org.openqa.selenium.remote.RemoteWebDriver.execute(RemoteWebDriver.java:703)
	at org.openqa.selenium.remote.RemoteWebDriver$RemoteWebDriverOptions$RemoteWindow.maximize(RemoteWebDriver.java:934)
	at icpl.AutomationTestAssignment.FirstAssignment.FlightBookingWithTestNG.launchSite(FlightBookingWithTestNG.java:44)
... Removed 28 stack frames]]>
    </failure>
  </testcase> <!-- launchSite -->
  <testcase name="searchFlight" time="0.001" classname="icpl.AutomationTestAssignment.FirstAssignment.FlightBookingWithTestNG">
    <skipped/>
  </testcase> <!-- searchFlight -->
  <testcase name="validateResult" time="0.0" classname="icpl.AutomationTestAssignment.FirstAssignment.FlightBookingWithTestNG">
    <skipped/>
  </testcase> <!-- validateResult -->
</testsuite> <!-- Test -->
